<?xml version="1.0" encoding="UTF-8"?>
<!-- Generated by org.testng.reporters.JUnitXMLReporter -->
<testsuite ignored="2" hostname="DESKTOP-IG5V1RQ" failures="0" tests="1" name="Default test" time="20.119" errors="0" timestamp="2024-11-17T12:07:18 EET">
  <testcase classname="moblieTesting.MyTestCases" name="choseAllEvenNumber" time="5.884"/>
  <testcase classname="moblieTesting.MyTestCases" name="choseAllNumber" time="0.0">
    <ignored/>
  </testcase> <!-- choseAllNumber -->
  <testcase classname="moblieTesting.MyTestCases" name="firstTest" time="0.0">
    <ignored/>
  </testcase> <!-- firstTest -->
</testsuite> <!-- Default test -->
