<?xml version="1.0" encoding="UTF-8"?>
<testng-results ignored="2" total="3" passed="1" failed="0" skipped="0">
  <reporter-output>
  </reporter-output>
  <suite started-at="2024-11-17T12:06:57 EET" name="Default suite" finished-at="2024-11-17T12:07:18 EET" duration-ms="20119">
    <groups>
    </groups>
    <test started-at="2024-11-17T12:06:57 EET" name="Default test" finished-at="2024-11-17T12:07:18 EET" duration-ms="20119">
      <class name="moblieTesting.MyTestCases">
        <test-method is-config="true" signature="setUp()[pri:0, instance:moblieTesting.MyTestCases@a38c7fe]" started-at="2024-11-17T12:06:57 EET" name="setUp" finished-at="2024-11-17T12:07:12 EET" duration-ms="14167" status="PASS">
          <reporter-output>
          </reporter-output>
        </test-method> <!-- setUp -->
        <test-method signature="choseAllEvenNumber()[pri:3, instance:moblieTesting.MyTestCases@a38c7fe]" started-at="2024-11-17T12:07:12 EET" name="choseAllEvenNumber" finished-at="2024-11-17T12:07:17 EET" duration-ms="5884" status="PASS">
          <reporter-output>
          </reporter-output>
        </test-method> <!-- choseAllEvenNumber -->
      </class> <!-- moblieTesting.MyTestCases -->
    </test> <!-- Default test -->
  </suite> <!-- Default suite -->
</testng-results>
